<?xml version="1.0" encoding="UTF-8"?>
<!-- Generated by org.testng.reporters.JUnitReportReporter -->
<testsuite hostname="LAPTOP-7723JJSR" failures="0" tests="1" name="Product.testproduct" time="2.938" errors="0" timestamp="2025-03-20T19:36:27 IST" skipped="0">
  <testcase classname="Product.testproduct" name="testProductSearch" time="2.938"/>
</testsuite> <!-- Product.testproduct -->
