<?xml version="1.0" encoding="UTF-8"?>
<!-- Generated by org.testng.reporters.JUnitReportReporter -->
<testsuite hostname="LAPTOP-7723JJSR" failures="0" tests="1" name="Register.reg" time="5.187" errors="0" timestamp="2025-03-20T19:36:27 IST" skipped="0">
  <testcase classname="Register.reg" name="testRegistration" time="5.187"/>
</testsuite> <!-- Register.reg -->
